Save repository element : /LINKY/ALCAR/t_ebay_descrizione_alcar : Checked in
Save repository element : /LINKY/ALCAR/t_ebay_ExpFile_alcar_de : Checked in
Save repository element : /LINKY/ALCAR/t_ebay_ExpFile_alcar_de_new : Checked in
Save repository element : /LINKY/ALCAR/t_ebay_ExpFile_alcar_es : Checked in
Save repository element : /LINKY/ALCAR/t_ebay_ExpFile_alcar_es_new : Checked in
Save repository element : /LINKY/ALCAR/t_ebay_ExpFile_alcar_fr : Checked in
Save repository element : /LINKY/ALCAR/t_ebay_ExpFile_alcar_fr_new : Checked in
Save repository element : /LINKY/ALCAR/t_ebay_ExpFile_alcar_it : Checked in
Save repository element : /LINKY/ALCAR/t_ebay_ExpFile_alcar_it_new : Checked in
Save repository element : /LINKY/ALCAR/t_ebay_ExpFile_alcar_nl : Checked in
Save repository element : /LINKY/ALCAR/t_ebay_ExpFile_alcar_nl_new : Checked in
Save repository element : /LINKY/ALCAR/t_ebay_ExpFile_alcar_uk : Checked in
Save repository element : /LINKY/ALCAR/t_ebay_ExpFile_alcar_uk_new : Checked in
Save repository element : /LINKY/ALCAR/t_ebay_ExpFile_stock_alcar_de : Checked in
Save repository element : /LINKY/ALCAR/t_ebay_ExpFile_stock_alcar_es : Checked in
Save repository element : /LINKY/ALCAR/t_ebay_ExpFile_stock_alcar_fr : Checked in
Save repository element : /LINKY/ALCAR/t_ebay_ExpFile_stock_alcar_it : Checked in
Save repository element : /LINKY/ALCAR/t_ebay_ExpFile_stock_alcar_nl : Checked in
Save repository element : /LINKY/ALCAR/t_ebay_ExpFile_stock_alcar_uk : Checked in
Save repository element : /LINKY/ALCAR/t_imp_ebay_alcar : Checked in
Save repository element : /LINKY/ALCAR/t_imp_ebay_var_alcar : Checked in
Save repository element : /LINKY/ALCAR/t_imp_new_ebay_var_alcar : Checked in
Save repository element : /LINKY/ALCAR/t_web_ImportaArticoli : Checked in
Save repository element : /LINKY/AMAZON/t_exp_amazon_de : Checked in
Save repository element : /LINKY/AMAZON/t_exp_amazon_fr : Checked in
Save repository element : /LINKY/AMAZON/t_exp_amazon_it : Checked in
Save repository element : /LINKY/AMAZON/t_exp_amazon_uk : Checked in
Save repository element : /LINKY/AMAZON/t_exp_t24_amazon_it : Checked in
Save repository element : /LINKY/AMAZON/ALCAR/t_imp_amz_alcar : Checked in
Save repository element : /LINKY/AMAZON/MAK/t_imp_amz_mak_experimental : Checked in
Save repository element : /LINKY/AMAZON/MOMO/t_imp_amz_momo : Checked in
Save repository element : /LINKY/AMAZON/OZR/t_exp_amazon_ozr_it : Checked in
Save repository element : /LINKY/AMAZON/OZR/t_imp_amz_ozr_experimental : Checked in
Save repository element : /LINKY/AMAZON/PARTNERS/t_imp_amz_partners : Checked in
Save repository element : /LINKY/AMAZON/PNEUS/t_imp_amz_Catene : Checked in
Save repository element : /LINKY/AMAZON/PNEUS/t_imp_amz_PNEUS : Checked in
Save repository element : /LINKY/COMPETITORPRICE/t_ebay_get_competitorPrice : Checked in
Save repository element : /LINKY/EBAY/FORZA_CHIUSURA/t_ebay_ExpFile_chiudi_aus : Checked in
Save repository element : /LINKY/EBAY/FORZA_CHIUSURA/t_ebay_ExpFile_chiudi_es : Checked in
Save repository element : /LINKY/EBAY/FORZA_CHIUSURA/t_ebay_ExpFile_chiudi_fr : Checked in
Save repository element : /LINKY/EBAY/FORZA_CHIUSURA/t_ebay_ExpFile_chiudi_it : Checked in
Save repository element : /LINKY/EBAY/FORZA_CHIUSURA/t_ebay_ExpFile_chiudi_mak_de : Checked in
Save repository element : /LINKY/EBAY/FORZA_CHIUSURA/t_ebay_ExpFile_chiudi_nl : Checked in
Save repository element : /LINKY/EBAY/FORZA_CHIUSURA/t_ebay_ExpFile_chiudi_uk : Checked in
Save repository element : /LINKY/FEL/t_imp_ebay_Catene : Checked in
Save repository element : /LINKY/FEL/t_imp_ebay_var_Catene : Checked in
Save repository element : /LINKY/FEL/t_imp_ebay_var_estero_Catene : Checked in
Save repository element : /LINKY/INVENTORY/t_ebay_load_inventory : Checked in
Save repository element : /LINKY/INVENTORY/t_get_inventory_filenames : Checked in
Save repository element : /LINKY/MAGENTO/t_magento_exp_articoli : Checked in
Save repository element : /LINKY/MAK/isECE : Checked in
Save repository element : /LINKY/MAK/t_ebay_ExpFile_mak_aus : Checked in
Save repository element : /LINKY/MAK/t_ebay_ExpFile_mak_de : Checked in
Save repository element : /LINKY/MAK/t_ebay_ExpFile_mak_es : Checked in
Save repository element : /LINKY/MAK/t_ebay_ExpFile_mak_fr : Checked in
Save repository element : /LINKY/MAK/t_ebay_ExpFile_mak_it : Checked in
Save repository element : /LINKY/MAK/t_ebay_ExpFile_mak_nl : Checked in
Save repository element : /LINKY/MAK/t_ebay_ExpFile_mak_uk : Checked in
Save repository element : /LINKY/MAK/t_ebay_ExpFile_mak_us : Checked in
Save repository element : /LINKY/MAK/t_ebay_ExpFile_ozr_uk : Checked in
Save repository element : /LINKY/MAK/t_ebay_ExpFile_stock_mak_aus : Checked in
Save repository element : /LINKY/MAK/t_ebay_ExpFile_stock_mak_de : Checked in
Save repository element : /LINKY/MAK/t_ebay_ExpFile_stock_mak_es : Checked in
Save repository element : /LINKY/MAK/t_ebay_ExpFile_stock_mak_fr : Checked in
Save repository element : /LINKY/MAK/t_ebay_ExpFile_stock_mak_it : Checked in
Save repository element : /LINKY/MAK/t_ebay_ExpFile_stock_mak_nl : Checked in
Save repository element : /LINKY/MAK/t_ebay_ExpFile_stock_mak_uk : Checked in
Save repository element : /LINKY/MAK/t_imp_ebay_mak : Checked in
Save repository element : /LINKY/MAK/t_imp_ebay_mak_experimental : Checked in
Save repository element : /LINKY/MAK/t_imp_ebay_var_mak : Checked in
Save repository element : /LINKY/MAK/t_load_dis_mak : Checked in
Save repository element : /LINKY/MAK/t_load_lis_mak : Checked in
Save repository element : /LINKY/MAK/t_load_lis_pubblico_mak : Checked in
Save repository element : /LINKY/MAK/t_UPD_URL_CERT : Checked in
Save repository element : /LINKY/MAK/t_web_ImportaArticoli : Checked in
Save repository element : /LINKY/MAK/APPLICAZIONI/t_ebay_desc_app_mak : Checked in
Save repository element : /LINKY/MAK/APPLICAZIONI/t_ebay_ExpFile_app_mak_de : Checked in
Save repository element : /LINKY/MAK/APPLICAZIONI/t_ebay_ExpFile_app_mak_uk : Checked in
Save repository element : /LINKY/MAK/APPLICAZIONI/t_ebay_ExpFile_app_stock_mak_de : Checked in
Save repository element : /LINKY/MAK/APPLICAZIONI/t_ebay_ExpFile_app_stock_mak_uk : Checked in
Save repository element : /LINKY/MAK/APPLICAZIONI/t_ebay_ExpFile_appktype_mak_uk : Checked in
Save repository element : /LINKY/MAK/APPLICAZIONI/t_imp_ebay_app_mak : Checked in
Save repository element : /LINKY/MOMO/t_ebay_ExpFile_momo_aus : Checked in
Save repository element : /LINKY/MOMO/t_ebay_ExpFile_momo_de : Checked in
Save repository element : /LINKY/MOMO/t_ebay_ExpFile_momo_es : Checked in
Save repository element : /LINKY/MOMO/t_ebay_ExpFile_momo_fr : Checked in
Save repository element : /LINKY/MOMO/t_ebay_ExpFile_momo_it : Checked in
Save repository element : /LINKY/MOMO/t_ebay_ExpFile_momo_nl : Checked in
Save repository element : /LINKY/MOMO/t_ebay_ExpFile_momo_uk : Checked in
Save repository element : /LINKY/MOMO/t_ebay_ExpFile_stock_momo_aus : Checked in
Save repository element : /LINKY/MOMO/t_ebay_ExpFile_stock_momo_de : Checked in
Save repository element : /LINKY/MOMO/t_ebay_ExpFile_stock_momo_es : Checked in
Save repository element : /LINKY/MOMO/t_ebay_ExpFile_stock_momo_fr : Checked in
Save repository element : /LINKY/MOMO/t_ebay_ExpFile_stock_momo_it : Checked in
Save repository element : /LINKY/MOMO/t_ebay_ExpFile_stock_momo_nl : Checked in
Save repository element : /LINKY/MOMO/t_ebay_ExpFile_stock_momo_uk : Checked in
Save repository element : /LINKY/MOMO/t_imp_ebay_momo : Checked in
Save repository element : /LINKY/MOMO/t_imp_ebay_var_momo : Checked in
Save repository element : /LINKY/MOMO/t_web_ImportaArticoli_momo : Checked in
Save repository element : /LINKY/ORDERS/t_get_ebay_orders : Checked in
Save repository element : /LINKY/ORDERS/t_getItemCompatibility : Checked in
Save repository element : /LINKY/OZR/t_ebay_ExpFile_ozr_aus : Checked in
Save repository element : /LINKY/OZR/t_ebay_ExpFile_ozr_de : Checked in
Save repository element : /LINKY/OZR/t_ebay_ExpFile_ozr_es : Checked in
Save repository element : /LINKY/OZR/t_ebay_ExpFile_ozr_fr : Checked in
Save repository element : /LINKY/OZR/t_ebay_ExpFile_ozr_it : Checked in
Save repository element : /LINKY/OZR/t_ebay_ExpFile_ozr_nl : Checked in
Save repository element : /LINKY/OZR/t_ebay_ExpFile_ozr_uk : Checked in
Save repository element : /LINKY/OZR/t_ebay_ExpFile_stock_ozr_aus : Checked in
Save repository element : /LINKY/OZR/t_ebay_ExpFile_stock_ozr_de : Checked in
Save repository element : /LINKY/OZR/t_ebay_ExpFile_stock_ozr_es : Checked in
Save repository element : /LINKY/OZR/t_ebay_ExpFile_stock_ozr_fr : Checked in
Save repository element : /LINKY/OZR/t_ebay_ExpFile_stock_ozr_it : Checked in
Save repository element : /LINKY/OZR/t_ebay_ExpFile_stock_ozr_nl : Checked in
Save repository element : /LINKY/OZR/t_ebay_ExpFile_stock_ozr_uk : Checked in
Save repository element : /LINKY/OZR/t_imp_ebay_ozr : Checked in
Save repository element : /LINKY/OZR/t_imp_ebay_ozr_experimental : Checked in
Save repository element : /LINKY/OZR/t_imp_ebay_var_ozr : Checked in
Save repository element : /LINKY/OZR/t_imp_ebay_var_ozr_outprod : Checked in
Save repository element : /LINKY/OZR/t_update_stock_ozr : Checked in
Save repository element : /LINKY/OZR/t_web_ImportaArticoli : Checked in
Save repository element : /LINKY/ROUTINI/t_load_dis_mak_RUOTINI : Checked in
Save repository element : /LINKY/ROUTINI/t_load_lis_mak_RUOTINI : Checked in
Save repository element : /LINKY/ROUTINI/t_load_ruotini : Checked in
Save repository element : /LINKY/STOCK_ALL/PAUSA/t_ebay_pausa_cerchi_aus : Checked in
Save repository element : /LINKY/STOCK_ALL/PAUSA/t_ebay_pausa_cerchi_de : Checked in
Save repository element : /LINKY/STOCK_ALL/PAUSA/t_ebay_pausa_cerchi_es : Checked in
Save repository element : /LINKY/STOCK_ALL/PAUSA/t_ebay_pausa_cerchi_fr : Checked in
Save repository element : /LINKY/STOCK_ALL/PAUSA/t_ebay_pausa_cerchi_it : Checked in
Save repository element : /LINKY/STOCK_ALL/PAUSA/t_ebay_pausa_cerchi_nl : Checked in
Save repository element : /LINKY/STOCK_ALL/PAUSA/t_ebay_pausa_cerchi_uk : Checked in
Save repository element : /LINKY/STOCK_ALL/PAUSA/t_ebay_pausa_cerchi_us : Checked in
Save repository element : /LINKY/TECKLOGISTIC/t_ebay_ExpFile_stock_teck_de : Checked in
Save repository element : /LINKY/TECKLOGISTIC/t_ebay_ExpFile_stock_teck_es : Checked in
Save repository element : /LINKY/TECKLOGISTIC/t_ebay_ExpFile_stock_teck_fr : Checked in
Save repository element : /LINKY/TECKLOGISTIC/t_ebay_ExpFile_stock_teck_it : Checked in
Save repository element : /LINKY/TECKLOGISTIC/t_ebay_ExpFile_stock_teck_nl : Checked in
Save repository element : /LINKY/TECKLOGISTIC/t_ebay_ExpFile_stock_teck_uk : Checked in
Save repository element : /LINKY/TECKLOGISTIC/t_ebay_ExpFile_stock_teck_us : Checked in
Save repository element : /LINKY/TECKLOGISTIC/t_ebay_ExpFile_teck_de : Checked in
Save repository element : /LINKY/TECKLOGISTIC/t_ebay_ExpFile_teck_es : Checked in
Save repository element : /LINKY/TECKLOGISTIC/t_ebay_ExpFile_teck_fr : Checked in
Save repository element : /LINKY/TECKLOGISTIC/t_ebay_ExpFile_teck_it : Checked in
Save repository element : /LINKY/TECKLOGISTIC/t_ebay_ExpFile_teck_nl : Checked in
Save repository element : /LINKY/TECKLOGISTIC/t_ebay_ExpFile_teck_uk : Checked in
Save repository element : /LINKY/TECKLOGISTIC/t_ebay_ExpFile_teck_us : Checked in
Save repository element : /LINKY/TECKLOGISTIC/t_imp_ebay_teck : Checked in
Save repository element : /LINKY/TECKLOGISTIC/t_imp_ebay_var_teck : Checked in
Save repository element : /LINKY/TECKLOGISTIC/t_web_ImportaArticoli : Checked in
Save repository element : /LINKY/WSP/t_ebay_ExpFile_stock_wsp_aus : Checked in
Save repository element : /LINKY/WSP/t_ebay_ExpFile_stock_wsp_de : Checked in
Save repository element : /LINKY/WSP/t_ebay_ExpFile_stock_wsp_es : Checked in
Save repository element : /LINKY/WSP/t_ebay_ExpFile_stock_wsp_fr : Checked in
Save repository element : /LINKY/WSP/t_ebay_ExpFile_stock_wsp_it : Checked in
Save repository element : /LINKY/WSP/t_ebay_ExpFile_stock_wsp_nl : Checked in
Save repository element : /LINKY/WSP/t_ebay_ExpFile_stock_wsp_uk : Checked in
Save repository element : /LINKY/WSP/t_ebay_ExpFile_stock_wsp_us : Checked in
Save repository element : /LINKY/WSP/t_ebay_ExpFile_wsp_aus : Checked in
Save repository element : /LINKY/WSP/t_ebay_ExpFile_wsp_de : Checked in
Save repository element : /LINKY/WSP/t_ebay_ExpFile_wsp_es : Checked in
Save repository element : /LINKY/WSP/t_ebay_ExpFile_wsp_fr : Checked in
Save repository element : /LINKY/WSP/t_ebay_ExpFile_wsp_it : Checked in
Save repository element : /LINKY/WSP/t_ebay_ExpFile_wsp_nl : Checked in
Save repository element : /LINKY/WSP/t_ebay_ExpFile_wsp_uk : Checked in
Save repository element : /LINKY/WSP/t_ebay_ExpFile_wsp_us : Checked in
Save repository element : /LINKY/WSP/t_imp_ebay_var_wsp : Checked in
Save repository element : /LINKY/WSP/t_imp_ebay_wsp_experimental : Checked in
Save repository element : /LINKY/WSP/t_web_ImportaArticoli : Checked in
Save repository element : /LINKY/ALCAR/J_ALCAR_EBAY_ALL : Checked in
Save repository element : /LINKY/ALCAR/J_ALCAR_EBAY_STOCK_ALL : Checked in
Save repository element : /LINKY/ALCAR/J_ALCAR_NEW_EBAY_ALL : Checked in
Save repository element : /LINKY/ALCAR/J_ALCAR_WEB : Checked in
Save repository element : /LINKY/AMAZON/J_ALL_AMAZON : Checked in
Save repository element : /LINKY/AMAZON/J_AMZ_DE : Checked in
Save repository element : /LINKY/AMAZON/J_AMZ_FR : Checked in
Save repository element : /LINKY/AMAZON/J_AMZ_IT : Checked in
Save repository element : /LINKY/AMAZON/J_AMZ_T24_IT : Checked in
Save repository element : /LINKY/AMAZON/J_AMZ_UK : Checked in
Save repository element : /LINKY/AMAZON/ALCAR/J_ALCAR_AMZ_IT : Checked in
Save repository element : /LINKY/AMAZON/MAK/J_MAK_AMZ_IT : Checked in
Save repository element : /LINKY/AMAZON/MOMO/J_MOMO_AMZ_IT : Checked in
Save repository element : /LINKY/AMAZON/OZR/J_OZR_AMZ_IT : Checked in
Save repository element : /LINKY/AMAZON/PARTNERS/J_IMP_PNEUMATICI_PARTNERS : Checked in
Save repository element : /LINKY/AMAZON/PNEUS/J_imp_amz_all_catene : Checked in
Save repository element : /LINKY/AMAZON/PNEUS/J_IMP_PNEUMATICI : Checked in
Save repository element : /LINKY/COMPETITORPRICE/J_EBAY_COMPPRICE : Checked in
Save repository element : /LINKY/EBAY/FORZA_CHIUSURA/J_MAK_EBAY_CHIUDI_ALL : Checked in
Save repository element : /LINKY/FEL/J_imp_ebay_all_catene : Checked in
Save repository element : /LINKY/INVENTORY/J_EBAY_INVENTORY : Checked in
Save repository element : /LINKY/INVENTORY/J_SUB_INVENTORY : Checked in
Save repository element : /LINKY/MAGENTO/J_UPDATE_MAGENTO : Checked in
Save repository element : /LINKY/MAK/J_CONNECTOR_FROM_MAK : Checked in
Save repository element : /LINKY/MAK/J_MAK_EBAY_ALL : Checked in
Save repository element : /LINKY/MAK/J_MAK_EBAY_STOCK_ALL : Checked in
Save repository element : /LINKY/MAK/J_MAK_WEB : Checked in
Save repository element : /LINKY/MAK/APPLICAZIONI/J_MAK_EBAY_APP_ALL : Checked in
Save repository element : /LINKY/MAK/APPLICAZIONI/J_MAK_EBAY_STOCK_APP_ALL : Checked in
Save repository element : /LINKY/MOMO/J_MOMO_EBAY_ALL : Checked in
Save repository element : /LINKY/MOMO/J_MOMO_EBAY_STOCK_ALL : Checked in
Save repository element : /LINKY/MOMO/J_MOMO_WEB : Checked in
Save repository element : /LINKY/ORDERS/J_EBAY_ORDERS : Checked in
Save repository element : /LINKY/OZR/J_CONNECTOR_FROM_OZR : Checked in
Save repository element : /LINKY/OZR/J_OZR_EBAY_ALL : Checked in
Save repository element : /LINKY/OZR/J_OZR_EBAY_STOCK_ALL : Checked in
Save repository element : /LINKY/OZR/J_OZR_WEB : Checked in
Save repository element : /LINKY/ROUTINI/J_LOAD_RUOTINI : Checked in
Save repository element : /LINKY/STOCK_ALL/J_EBAY_CERCHI_NEW : Checked in
Save repository element : /LINKY/STOCK_ALL/J_EBAY_CERCHI_STOCK : Checked in
Save repository element : /LINKY/STOCK_ALL/J_EBAY_PAUSA_CERCHI_ALL : Checked in
Save repository element : /LINKY/TECKLOGISTIC/J_TECK_EBAY_ALL : Checked in
Save repository element : /LINKY/TECKLOGISTIC/J_TECK_EBAY_STOCK_ALL : Checked in
Save repository element : /LINKY/TECKLOGISTIC/J_TECK_WEB : Checked in
Save repository element : /LINKY/WSP/J_WSP_EBAY_ALL : Checked in
Save repository element : /LINKY/WSP/J_WSP_EBAY_STOCK_ALL : Checked in
Save repository element : /LINKY/WSP/J_WSP_WEB : Checked in
Save database : Modification by user
Save repository element : CONNECTOR : Modification by user
Save repository element : /EBAY_AU/tebay_ExpFileArticoli_AU : Checked in
Save repository element : /EBAY_AU/tebay_ExpFileArticoli_stock_AU : Checked in
Save repository element : /EBAY_AU/tebay_ExpFileArticoli_stock0_AU : Checked in
Save repository element : /EBAY_AU/tebay_ExpFileArticoli_stock0_AU_tmp_nouse : Checked in
Save repository element : /COMMON/t_aggiorna_valute : Checked in
Save repository element : /COMMON/J_AGGIORNA_VALUTE : Checked in
Save repository element : /COMMON/J_ALL_EBAY : Checked in
Save repository element : /CONNECTOR/ALCAR/Import_articoli_lis : Checked in
Save repository element : /CONNECTOR/ALCAR/Import_auto : Checked in
Save repository element : /CONNECTOR/ALCAR/Import_autocerchi : Checked in
Save repository element : /CONNECTOR/ALCAR/Import_cerchi : Checked in
Save repository element : /CONNECTOR/ALCAR/Import_stock : Checked in
Save repository element : /CONNECTOR/ALCAR/stock/t_get_alcar_articleinfo : Checked in
Save repository element : /CONNECTOR/ALCAR/stock/t_get_alcar_brands : Checked in
Save repository element : /CONNECTOR/ALCAR/stock/t_get_alcar_modelauto : Checked in
Save repository element : /CONNECTOR/ALCAR/stock/t_get_alcar_stock : Checked in
Save repository element : /CONNECTOR/ALCAR/stock/t_get_alcar_type : Checked in
Save repository element : /CONNECTOR/ALCAR/stock/t_get_alcar_wheels : Checked in
Save repository element : /CONNECTOR/BERNAERTS/t_load_bernaerts : Checked in
Save repository element : /CONNECTOR/centrogomme/AggiornaImgTitolo : Checked in
Save repository element : /CONNECTOR/centrogomme/t_ebay_importaArticoli_CG : Checked in
Save repository element : /CONNECTOR/centrogomme/t_ebay_InsertArticoli_CG : Checked in
Save repository element : /CONNECTOR/centrogomme/t_load_centrogomme : Checked in
Save repository element : /CONNECTOR/centrogomme/t_UPD_LINKY_ARTICOLI : Checked in
Save repository element : /CONNECTOR/common/t_UPD_LINKY_ARTICOLI : Checked in
Save repository element : /CONNECTOR/CST/t_first_import_cst : Checked in
Save repository element : /CONNECTOR/CST/t_load_cst : Checked in
Save repository element : /CONNECTOR/deldo/t_load_deldo : Checked in
Save repository element : /CONNECTOR/Ettorre/t_load_ettorre : Checked in
Save repository element : /CONNECTOR/gexpo/t_load_gexpo : Checked in
Save repository element : /CONNECTOR/goeggel/t_load_goeggel : Checked in
Save repository element : /CONNECTOR/mak/ImportazioneIniziale : Checked in
Save repository element : /CONNECTOR/mak/t_ebay_importaArticoli_MAK : Checked in
Save repository element : /CONNECTOR/mak/t_load_barcode_mak : Checked in
Save repository element : /CONNECTOR/mak/t_load_dis_mak : Checked in
Save repository element : /CONNECTOR/mak/t_load_lis_mak : Checked in
Save repository element : /CONNECTOR/mak/tweb_ExpFileCerchiMAK : Checked in
Save repository element : /CONNECTOR/Momo/ImportazioneEAN_Momo : Checked in
Save repository element : /CONNECTOR/Momo/ImportazioneIniziale_Momo : Checked in
Save repository element : /CONNECTOR/Momo/t_load_dis_MOMO : Checked in
Save repository element : /CONNECTOR/ozr/ImportazioneIniziale_msw : Checked in
Save repository element : /CONNECTOR/ozr/ImportazioneIniziale_oz : Checked in
Save repository element : /CONNECTOR/ozr/ImportazioneIniziale_sparco : Checked in
Save repository element : /CONNECTOR/PARTNERS_LOADER/t_getrowcount : Checked in
Save repository element : /CONNECTOR/PARTNERS_LOADER/CENTROGOMME/t_cg_getrowcount : Checked in
Save repository element : /CONNECTOR/PARTNERS_LOADER/CENTROGOMME/t_cg_load_metrics : Checked in
Save repository element : /CONNECTOR/PARTNERS_LOADER/CENTROGOMME/t_load_centrogomme_2017 : Checked in
Save repository element : /CONNECTOR/PARTNERS_LOADER/ETTORRE/t_ettorre_load_metrics : Checked in
Save repository element : /CONNECTOR/PARTNERS_LOADER/ETTORRE/t_load_ettorre_2017 : Checked in
Save repository element : /CONNECTOR/PARTNERS_LOADER/GOEGGEL/t_goeggel_load_metrics : Checked in
Save repository element : /CONNECTOR/PARTNERS_LOADER/GOEGGEL/t_load_goeggel_2017 : Checked in
Save repository element : /CONNECTOR/PARTNERS_LOADER/MOMO/t_load_dis_MOMO_2017 : Checked in
Save repository element : /CONNECTOR/PARTNERS_LOADER/MOMO/t_momo_load_metrics : Checked in
Save repository element : /CONNECTOR/PARTNERS_LOADER/TAGLIABUE/t_load_tagliabue_2017 : Checked in
Save repository element : /CONNECTOR/PARTNERS_LOADER/TAGLIABUE/t_tg_load_metrics : Checked in
Save repository element : /CONNECTOR/PARTNERS_LOADER/TOYO/t_load_toyo_2017 : Checked in
Save repository element : /CONNECTOR/PARTNERS_LOADER/TOYO/t_toyo_load_metrics : Checked in
Save repository element : /CONNECTOR/PARTNERS_LOADER/UNIVERGOMME/t_load_univergomma_2017 : Checked in
Save repository element : /CONNECTOR/PARTNERS_LOADER/UNIVERGOMME/t_uni_load_metrics : Checked in
Save repository element : /CONNECTOR/PARTNERS_LOADER/YOKOHAMA/t_load_yokohama_2017 : Checked in
Save repository element : /CONNECTOR/PARTNERS_LOADER/YOKOHAMA/t_yoko_load_metrics : Checked in
Save repository element : /CONNECTOR/pneumatici100/t_exp_pneumatici100 : Checked in
Save repository element : /CONNECTOR/pneumatici100/t_exp_pneumatici100_at : Checked in
Save repository element : /CONNECTOR/pneumatici100/t_exp_pneumatici100_de : Checked in
Save repository element : /CONNECTOR/pneumatici100/t_exp_pneumatici100_fr : Checked in
Save repository element : /CONNECTOR/pneumatici100/t_UPD_CG_to_PNEU100 : Checked in
Save repository element : /CONNECTOR/pneumatici100/t_UPD_MAK_to_PNEU100 : Checked in
Save repository element : /CONNECTOR/pneumatici100/t_UPD_MOMO_to_PNEU100 : Checked in
Save repository element : /CONNECTOR/pneumatici100/t_UPD_OZR_to_PNEU100 : Checked in
Save repository element : /CONNECTOR/pneumatici100/t_UPD_PNEUS_catene_to_PNEU100 : Checked in
Save repository element : /CONNECTOR/pneumatici100/t_UPD_PNEUS_to_PNEU100 : Checked in
Save repository element : /CONNECTOR/pneumatici100/t_UPD_WSP_to_PNEU100 : Checked in
Save repository element : /CONNECTOR/tagliabue/t_load_tagliabue : Checked in
Save repository element : /CONNECTOR/tecklogistic/t_load_magazzino : Checked in
Save repository element : /CONNECTOR/Toyo/t_load_toyo : Checked in
Save repository element : /CONNECTOR/tyre24/t_exp_cpreifen : Checked in
Save repository element : /CONNECTOR/tyre24/t_exp_mdtuning : Checked in
Save repository element : /CONNECTOR/tyre24/t_exp_tyre24 : Checked in
Save repository element : /CONNECTOR/tyre24/t_exp_tyresinstock : Checked in
Save repository element : /CONNECTOR/tyre24/t_exp_tyresystem : Checked in
Save repository element : /CONNECTOR/tyre24/t_sistema_ipcode_tyre24 : Checked in
Save repository element : /CONNECTOR/tyre24/t_UPD_ALC_to_TYRE24 : Checked in
Save repository element : /CONNECTOR/tyre24/t_UPD_ALCAR_to_TYRE24 : Checked in
Save repository element : /CONNECTOR/tyre24/t_UPD_CG_to_TYRE24 : Checked in
Save repository element : /CONNECTOR/tyre24/t_UPD_MAK_to_TYRE24 : Checked in
Save repository element : /CONNECTOR/tyre24/t_UPD_MOMO_to_TYRE24 : Checked in
Save repository element : /CONNECTOR/tyre24/t_UPD_OZ_to_TYRE24 : Checked in
Save repository element : /CONNECTOR/tyre24/t_UPD_OZR_to_TYRE24 : Checked in
Save repository element : /CONNECTOR/tyre24/t_UPD_PNEUS_to_TYRE24 : Checked in
Save repository element : /CONNECTOR/tyre24/t_UPD_WSP_to_TYRE24 : Checked in
Save repository element : /CONNECTOR/univergomma/t_get_filename : Checked in
Save repository element : /CONNECTOR/univergomma/t_load_univergomma : Checked in
Save repository element : /CONNECTOR/WSP/t_load_listino_wsp : Checked in
Save repository element : /CONNECTOR/WSP/t_load_magazzino_wsp : Checked in
Save repository element : /CONNECTOR/yokohama/t_load_yokohama : Checked in
Save repository element : /CONNECTOR/ALCAR/J_IMPORTINIZIALE_ALCAR : Checked in
Save repository element : /CONNECTOR/ALCAR/J_LOAD_ALCAR : Checked in
Save repository element : /CONNECTOR/ALCAR/J_LOAD_ALCAR_STOCK : Checked in
Save repository element : /CONNECTOR/BERNAERTS/J_LOAD_BERNAERTS : Checked in
Save repository element : /CONNECTOR/centrogomme/J_LOAD_CENTROGOMME : Checked in
Save repository element : /CONNECTOR/common/J_BESTPRICE : Checked in
Save repository element : /CONNECTOR/CST/J_LOAD_CST : Checked in
Save repository element : /CONNECTOR/deldo/J_LOAD_DELDO : Checked in
Save repository element : /CONNECTOR/Ettorre/J_LOAD_ETTORRE : Checked in
Save repository element : /CONNECTOR/gexpo/J_LOAD_GEXPO : Checked in
Save repository element : /CONNECTOR/goeggel/J_LOAD_GOEGGEL : Checked in
Save repository element : /CONNECTOR/mak/J_IMPORT_INIZIALE : Checked in
Save repository element : /CONNECTOR/mak/J_LOAD_MAK : Checked in
Save repository element : /CONNECTOR/Momo/J_IMPORT_INIZIALE_MOMO : Checked in
Save repository element : /CONNECTOR/Momo/J_LOAD_MOMO : Checked in
Save repository element : /CONNECTOR/ozr/J_IMPORT_INIZIALE : Checked in
Save repository element : /CONNECTOR/PARTNERS_LOADER/J_LOAD_PARTNERS_2017 : Checked in
Save repository element : /CONNECTOR/PARTNERS_LOADER/CENTROGOMME/J_LOAD_CENTROGOMME_2017 : Checked in
Save repository element : /CONNECTOR/PARTNERS_LOADER/ETTORRE/J_LOAD_ETTORRE_2017 : Checked in
Save repository element : /CONNECTOR/PARTNERS_LOADER/GOEGGEL/J_LOAD_GOEGGEL_2017 : Checked in
Save repository element : /CONNECTOR/PARTNERS_LOADER/MOMO/J_LOAD_MOMO_2017 : Checked in
Save repository element : /CONNECTOR/PARTNERS_LOADER/TAGLIABUE/J_LOAD_TAGLIABUE_2017 : Checked in
Save repository element : /CONNECTOR/PARTNERS_LOADER/TOYO/J_LOAD_TOYO_2017 : Checked in
Save repository element : /CONNECTOR/PARTNERS_LOADER/UNIVERGOMME/J_LOAD_UNIVERGOMME_2017 : Checked in
Save repository element : /CONNECTOR/PARTNERS_LOADER/YOKOHAMA/J_LOAD_YOKOHAMA_2017 : Checked in
Save repository element : /CONNECTOR/pneumatici100/J_EXP_PNEUMATICI100 : Checked in
Save repository element : /CONNECTOR/tagliabue/J_LOAD_TAGLIABUE : Checked in
Save repository element : /CONNECTOR/tecklogistic/J_LOAD_TECKLOGISTIC : Checked in
Save repository element : /CONNECTOR/tecklogistic/J_TECK_EBAY_ALL : Checked in
Save repository element : /CONNECTOR/Toyo/J_LOAD_TOYO : Checked in
Save repository element : /CONNECTOR/tyre24/J_EXP_TYRE24 : Checked in
Save repository element : /CONNECTOR/univergomma/J_LOAD_UNIVER : Checked in
Save repository element : /CONNECTOR/WSP/J_LOAD_WSP : Checked in
Save repository element : /CONNECTOR/yokohama/J_LOAD_YOKO : Checked in
Save repository element : /EBAY_DE/azzera_tebay_ExpFileArticoli_stock0_DE : Checked in
Save repository element : /EBAY_DE/tebay_ExpFileArticoli_DE : Checked in
Save repository element : /EBAY_DE/tebay_ExpFileArticoli_stock_DE : Checked in
Save repository element : /EBAY_DE/tebay_ExpFileArticoli_stock_DE_CG : Checked in
Save repository element : /EBAY_DE/tebay_ExpFileArticoli_stock0_DE : Checked in
Save repository element : /EBAY_DE/tebay_ExpFileArticoli_stock0_DE_CG : Checked in
Save repository element : /EBAY_DE/tebay_importaAccoppiate_DE : Checked in
Save repository element : /EBAY_DE/tebay_importaArticoli_DE : Checked in
Save repository element : /EBAY_DE/tebay_ImportaCatene_DE : Checked in
Save repository element : /EBAY_DE/tebay_importaCerchi_DE : Checked in
Save repository element : /EBAY_DE/JImportaArticoliALL_DE : Checked in
Save repository element : /EBAY_ES/tebay_ExpFileArticoli_ES : Checked in
Save repository element : /EBAY_ES/tebay_ExpFileArticoli_stock_ES : Checked in
Save repository element : /EBAY_ES/tebay_ExpFileArticoli_stock_ES_CG : Checked in
Save repository element : /EBAY_ES/tebay_ExpFileArticoli_stock0_ES : Checked in
Save repository element : /EBAY_ES/tebay_ExpFileArticoli_stock0_ES_CG : Checked in
Save repository element : /EBAY_FR/tebay_ExpFileArticoli_FR : Checked in
Save repository element : /EBAY_FR/tebay_ExpFileArticoli_stock_FR : Checked in
Save repository element : /EBAY_FR/tebay_ExpFileArticoli_stock_FR_CG : Checked in
Save repository element : /EBAY_FR/tebay_ExpFileArticoli_stock0_FR : Checked in
Save repository element : /EBAY_FR/tebay_ExpFileArticoli_stock0_FR_CG : Checked in
Save repository element : /EBAY_IT/Chiudi_Deldo : Checked in
Save repository element : /EBAY_IT/t_imp_ebay_Catene_partners : Checked in
Save repository element : /EBAY_IT/t_imp_ebay_ruotini_partners : Checked in
Save repository element : /EBAY_IT/t_imp_ebay_var_Catene_partners : Checked in
Save repository element : /EBAY_IT/tebay_ExpFileArticoli : Checked in
Save repository element : /EBAY_IT/tebay_ExpFileArticoli_stock : Checked in
Save repository element : /EBAY_IT/tebay_ExpFileArticoli_stock_CG : Checked in
Save repository element : /EBAY_IT/tebay_ExpFileArticoli_stock0 : Checked in
Save repository element : /EBAY_IT/tebay_ExpFileArticoli_stock0_CG : Checked in
Save repository element : /EBAY_IT/tebay_importaArticoli : Checked in
Save repository element : /EBAY_IT/tebay_ImportaCatene : Checked in
Save repository element : /EBAY_IT/tebay_unpublished : Checked in
Save repository element : /EBAY_IT/J_Ebay_execute : Checked in
Save repository element : /EBAY_IT/J_Ebay_execute_stock : Checked in
Save repository element : /EBAY_IT/J_EBAY_STOCK_GESTIONALE : Checked in
Save repository element : /EBAY_IT/J_EBAY_STOCK_PARTNERS : Checked in
Save repository element : /EBAY_IT/j_exp_all_ebay : Checked in
Save repository element : /EBAY_IT/j_exp_all_ebay_stock_partners : Checked in
Save repository element : /EBAY_IT/J_imp_ebay_all_catene_partners : Checked in
Save repository element : /EBAY_IT/J_imp_ebay_all_ruotini_partners : Checked in
Save repository element : /EBAY_IT/jEbay : Checked in
Save repository element : /EBAY_IT/jEbay_stock : Checked in
Save repository element : /EBAY_IT/jEbay_stock_CG : Checked in
Save repository element : /EBAY_NL/tebay_ExpFileArticoli_NL : Checked in
Save repository element : /EBAY_NL/tebay_ExpFileArticoli_stock_NL : Checked in
Save repository element : /EBAY_NL/tebay_ExpFileArticoli_stock_NL_CG : Checked in
Save repository element : /EBAY_NL/tebay_ExpFileArticoli_stock0_NL : Checked in
Save repository element : /EBAY_NL/tebay_ExpFileArticoli_stock0_NL_CG : Checked in
Save repository element : /EBAY_UK/tebay_ExpFileArticoli_stock_UK : Checked in
Save repository element : /EBAY_UK/tebay_ExpFileArticoli_stock_UK_CG : Checked in
Save repository element : /EBAY_UK/tebay_ExpFileArticoli_stock0_UK : Checked in
Save repository element : /EBAY_UK/tebay_ExpFileArticoli_stock0_UK_CG : Checked in
Save repository element : /EBAY_UK/tebay_ExpFileArticoli_UK : Checked in
Save repository element : /EBAY_US/tebay_ExpFileArticoli_stock_US : Checked in
Save repository element : /EBAY_US/tebay_ExpFileArticoli_stock0_US : Checked in
Save repository element : /EBAY_US/tebay_ExpFileArticoli_US : Checked in
Save repository element : /UTILITIES/t_ebay_crea_file_chiusura : Checked in
Save repository element : /UTILITIES/t_write_log : Checked in
Save repository element : /WEB/AGGIORNA GIACENZE : Checked in
Save repository element : /WEB/backuptweb_ImportaArticoli_ : Checked in
Save repository element : /WEB/t_get_articles_filenames : Checked in
Save repository element : /WEB/t_unpublished : Checked in
Save repository element : /WEB/tweb_CaricaNomiImmagini : Checked in
Save repository element : /WEB/tweb_ExpFileArticoli : Checked in
Save repository element : /WEB/tweb_ExpFileArticoli_delete : Checked in
Save repository element : /WEB/tweb_ExpFileImmagini : Checked in
Save repository element : /WEB/tweb_ImportaArticoli : Checked in
Save repository element : /WEB/tweb_ImportaCatene : Checked in
Save repository element : /WEB/tweb_ImportaCatene_partners : Checked in
Save repository element : /WEB/tweb_ImportaRuotini_partners : Checked in
Save repository element : /WEB/INVENTORY/t_web_inventory : Checked in
Save repository element : /WEB/J_LOAD_PARTNERS : Checked in
Save repository element : /WEB/J_Process_ALL_articles : Checked in
Save repository element : /WEB/J_Process_articles : Checked in
Save repository element : /WEB/J_WEB_ARTICOLI : Checked in
Save repository element : /WEB/INVENTORY/J_WEB_INVENTORY : Checked in
